<?xml version="1.0" encoding="UTF-8"?>
<!-- Generated by org.testng.reporters.JUnitReportReporter -->
<testsuite hostname="DESKTOP-ONUQ36H" failures="0" tests="1" name="com.testcases.LocalSeleniumGridExecution" time="15.642" errors="0" timestamp="2024-09-08T19:33:13 IST" skipped="0">
  <testcase classname="com.testcases.LocalSeleniumGridExecution" name="OpenBrowser" time="15.642"/>
</testsuite> <!-- com.testcases.LocalSeleniumGridExecution -->
