<?xml version="1.0" encoding="UTF-8"?>
<!-- Generated by org.testng.reporters.JUnitReportReporter -->
<testsuite hostname="DESKTOP-ONUQ36H" failures="0" tests="1" name="com.testcases.LocalSeleniumGridExecution" time="16.278" errors="0" timestamp="2024-09-08T18:10:05 IST" skipped="0">
  <testcase classname="com.testcases.LocalSeleniumGridExecution" name="OpenBrowser" time="16.278"/>
</testsuite> <!-- com.testcases.LocalSeleniumGridExecution -->
